[debug] [2017-09-29T19:14:41.710Z] ----------------------------------------------------------------------
[debug] [2017-09-29T19:14:41.714Z] Command:      /usr/local/bin/node /usr/local/bin/firebase deploy
[debug] [2017-09-29T19:14:41.714Z] CLI Version:  3.9.1
[debug] [2017-09-29T19:14:41.714Z] Platform:     darwin
[debug] [2017-09-29T19:14:41.714Z] Node Version: v6.11.0
[debug] [2017-09-29T19:14:41.715Z] Time:         Sat Sep 30 2017 01:14:41 GMT+0600 (+06)
[debug] [2017-09-29T19:14:41.715Z] ----------------------------------------------------------------------
[debug] 
[debug] [2017-09-29T19:14:41.729Z] > command requires scopes: ["email","openid","https://www.googleapis.com/auth/cloudplatformprojects.readonly","https://www.googleapis.com/auth/firebase","https://www.googleapis.com/auth/cloud-platform"]
[debug] [2017-09-29T19:14:41.730Z] > authorizing via signed-in user
[debug] [2017-09-29T19:14:41.732Z] >>> HTTP REQUEST GET https://admin.firebase.com/v1/projects/saadixl-lander  
 Sat Sep 30 2017 01:14:41 GMT+0600 (+06)
[debug] [2017-09-29T19:14:43.002Z] <<< HTTP RESPONSE 200
[debug] [2017-09-29T19:14:43.004Z] >>> HTTP REQUEST GET https://admin.firebase.com/v1/database/saadixl-lander/tokens  
 Sat Sep 30 2017 01:14:43 GMT+0600 (+06)
[debug] [2017-09-29T19:14:44.934Z] <<< HTTP RESPONSE 200
[info] 
[info] === Deploying to 'saadixl-lander'...
[info] 
[info] i  deploying hosting
[info] i  hosting: preparing public directory for upload...
[debug] [2017-09-29T19:14:49.347Z] >>> HTTP REQUEST PUT https://deploy.firebase.com/v1/hosting/saadixl-lander/uploads/-KvE3-P1-ffBfguCNEmZ?fileCount=175&message=  
 Sat Sep 30 2017 01:14:49 GMT+0600 (+06)
[debug] [2017-09-29T19:16:28.117Z] <<< HTTP RESPONSE 504
[debug] [2017-09-29T19:16:28.118Z] <<< HTTP RESPONSE BODY undefined
[debug] [2017-09-29T19:16:28.120Z] TypeError: Cannot read property 'error' of undefined
[error] 
[error] Error: An unexpected error has occurred.
